<?xml version="1.0" encoding="UTF-8"?>
<coverage generated="1681075978637" clover="3.2.0">
  <project timestamp="1681075978637" name="All files">
    <metrics statements="28" coveredstatements="27" conditionals="12" coveredconditionals="11" methods="6" coveredmethods="6" elements="46" coveredelements="44" complexity="0" loc="28" ncloc="28" packages="1" files="2" classes="2"/>
    <file name="actionTypes.ts" path="C:\Users\Annjo\Documents\Proyectos\prueba-tecnica-2023-sparta\src\logic\tasks\actionTypes.ts">
      <metrics statements="6" coveredstatements="6" conditionals="2" coveredconditionals="2" methods="1" coveredmethods="1"/>
      <line num="37" count="1" type="cond" truecount="2" falsecount="0"/>
      <line num="38" count="1" type="stmt"/>
      <line num="39" count="1" type="stmt"/>
      <line num="40" count="1" type="stmt"/>
      <line num="41" count="1" type="stmt"/>
      <line num="42" count="1" type="stmt"/>
    </file>
    <file name="index.ts" path="C:\Users\Annjo\Documents\Proyectos\prueba-tecnica-2023-sparta\src\logic\tasks\index.ts">
      <metrics statements="22" coveredstatements="21" conditionals="10" coveredconditionals="9" methods="5" coveredmethods="5"/>
      <line num="2" count="1" type="stmt"/>
      <line num="10" count="1" type="stmt"/>
      <line num="14" count="1" type="stmt"/>
      <line num="15" count="2" type="stmt"/>
      <line num="16" count="4" type="cond" truecount="1" falsecount="0"/>
      <line num="17" count="2" type="stmt"/>
      <line num="19" count="2" type="stmt"/>
      <line num="21" count="2" type="stmt"/>
      <line num="25" count="1" type="stmt"/>
      <line num="29" count="5" type="cond" truecount="5" falsecount="1"/>
      <line num="32" count="1" type="stmt"/>
      <line num="36" count="1" type="stmt"/>
      <line num="42" count="1" type="stmt"/>
      <line num="46" count="1" type="stmt"/>
      <line num="52" count="1" type="stmt"/>
      <line num="55" count="2" type="stmt"/>
      <line num="58" count="1" type="stmt"/>
      <line num="60" count="2" type="stmt"/>
      <line num="64" count="1" type="stmt"/>
      <line num="69" count="1" type="stmt"/>
      <line num="70" count="1" type="stmt"/>
      <line num="75" count="0" type="stmt"/>
    </file>
  </project>
</coverage>
