{"C:\\Users\\Annjo\\Documents\\Proyectos\\prueba-tecnica-2023-sparta\\src\\logic\\tasks\\actionTypes.ts": {"path":"C:\\Users\\Annjo\\Documents\\Proyectos\\prueba-tecnica-2023-sparta\\src\\logic\\tasks\\actionTypes.ts","statementMap":{"0":{"start":{"line":37,"column":0},"end":{"line":37,"column":null}},"1":{"start":{"line":38,"column":2},"end":{"line":38,"column":null}},"2":{"start":{"line":39,"column":2},"end":{"line":39,"column":null}},"3":{"start":{"line":40,"column":2},"end":{"line":40,"column":null}},"4":{"start":{"line":41,"column":2},"end":{"line":41,"column":null}},"5":{"start":{"line":42,"column":2},"end":{"line":42,"column":null}}},"fnMap":{"0":{"name":"(anonymous_0)","decl":{"start":{"line":37,"column":0},"end":{"line":37,"column":12}},"loc":{"start":{"line":37,"column":27},"end":{"line":43,"column":1}}}},"branchMap":{"0":{"loc":{"start":{"line":37,"column":12},"end":{"line":37,"column":null}},"type":"binary-expr","locations":[{"start":{"line":37,"column":12},"end":{"line":37,"column":27}},{"start":{"line":37,"column":12},"end":{"line":37,"column":null}}]}},"s":{"0":1,"1":1,"2":1,"3":1,"4":1,"5":1},"f":{"0":1},"b":{"0":[1,1]}}
,"C:\\Users\\Annjo\\Documents\\Proyectos\\prueba-tecnica-2023-sparta\\src\\logic\\tasks\\index.ts": {"path":"C:\\Users\\Annjo\\Documents\\Proyectos\\prueba-tecnica-2023-sparta\\src\\logic\\tasks\\index.ts","statementMap":{"0":{"start":{"line":2,"column":0},"end":{"line":2,"column":60}},"1":{"start":{"line":10,"column":36},"end":{"line":12,"column":2}},"2":{"start":{"line":14,"column":20},"end":{"line":22,"column":1}},"3":{"start":{"line":15,"column":23},"end":{"line":20,"column":4}},"4":{"start":{"line":16,"column":4},"end":{"line":18,"column":null}},"5":{"start":{"line":17,"column":6},"end":{"line":17,"column":18}},"6":{"start":{"line":19,"column":4},"end":{"line":19,"column":16}},"7":{"start":{"line":21,"column":2},"end":{"line":21,"column":22}},"8":{"start":{"line":25,"column":28},"end":{"line":77,"column":1}},"9":{"start":{"line":29,"column":2},"end":{"line":76,"column":null}},"10":{"start":{"line":32,"column":6},"end":{"line":35,"column":8}},"11":{"start":{"line":36,"column":6},"end":{"line":38,"column":null}},"12":{"start":{"line":42,"column":6},"end":{"line":45,"column":8}},"13":{"start":{"line":46,"column":6},"end":{"line":48,"column":null}},"14":{"start":{"line":52,"column":6},"end":{"line":57,"column":8}},"15":{"start":{"line":55,"column":39},"end":{"line":55,"column":68}},"16":{"start":{"line":58,"column":6},"end":{"line":60,"column":null}},"17":{"start":{"line":60,"column":44},"end":{"line":60,"column":73}},"18":{"start":{"line":64,"column":6},"end":{"line":65,"column":null}},"19":{"start":{"line":69,"column":6},"end":{"line":69,"column":43}},"20":{"start":{"line":70,"column":6},"end":{"line":72,"column":null}},"21":{"start":{"line":75,"column":6},"end":{"line":75,"column":19}},"22":{"start":{"line":25,"column":13},"end":{"line":25,"column":28}}},"fnMap":{"0":{"name":"(anonymous_0)","decl":{"start":{"line":14,"column":20},"end":{"line":14,"column":21}},"loc":{"start":{"line":14,"column":60},"end":{"line":22,"column":1}}},"1":{"name":"(anonymous_1)","decl":{"start":{"line":15,"column":33},"end":{"line":15,"column":34}},"loc":{"start":{"line":15,"column":42},"end":{"line":20,"column":3}}},"2":{"name":"(anonymous_2)","decl":{"start":{"line":25,"column":28},"end":{"line":25,"column":null}},"loc":{"start":{"line":28,"column":15},"end":{"line":77,"column":1}}},"3":{"name":"(anonymous_3)","decl":{"start":{"line":55,"column":29},"end":{"line":55,"column":30}},"loc":{"start":{"line":55,"column":39},"end":{"line":55,"column":68}}},"4":{"name":"(anonymous_4)","decl":{"start":{"line":60,"column":34},"end":{"line":60,"column":35}},"loc":{"start":{"line":60,"column":44},"end":{"line":60,"column":73}}}},"branchMap":{"0":{"loc":{"start":{"line":11,"column":20},"end":{"line":11,"column":61}},"type":"binary-expr","locations":[{"start":{"line":11,"column":20},"end":{"line":11,"column":53}},{"start":{"line":11,"column":57},"end":{"line":11,"column":61}}]},"1":{"loc":{"start":{"line":16,"column":4},"end":{"line":18,"column":null}},"type":"if","locations":[{"start":{"line":16,"column":4},"end":{"line":18,"column":null}}]},"2":{"loc":{"start":{"line":27,"column":2},"end":{"line":27,"column":26}},"type":"default-arg","locations":[{"start":{"line":27,"column":10},"end":{"line":27,"column":26}}]},"3":{"loc":{"start":{"line":29,"column":2},"end":{"line":76,"column":null}},"type":"switch","locations":[{"start":{"line":30,"column":4},"end":{"line":38,"column":null}},{"start":{"line":40,"column":4},"end":{"line":48,"column":null}},{"start":{"line":50,"column":4},"end":{"line":60,"column":null}},{"start":{"line":62,"column":4},"end":{"line":65,"column":null}},{"start":{"line":67,"column":4},"end":{"line":72,"column":null}},{"start":{"line":74,"column":4},"end":{"line":75,"column":19}}]}},"s":{"0":1,"1":1,"2":1,"3":2,"4":4,"5":2,"6":2,"7":2,"8":1,"9":5,"10":1,"11":1,"12":1,"13":1,"14":1,"15":2,"16":1,"17":2,"18":1,"19":1,"20":1,"21":0,"22":1},"f":{"0":2,"1":4,"2":5,"3":2,"4":2},"b":{"0":[1,1],"1":[2],"2":[2],"3":[1,1,1,1,1,0]}}
}
