{"C:\\Users\\Annjo\\Documents\\Proyectos\\prueba-tecnica-2023-sparta\\src\\components\\Button\\index.tsx": {"path":"C:\\Users\\Annjo\\Documents\\Proyectos\\prueba-tecnica-2023-sparta\\src\\components\\Button\\index.tsx","statementMap":{"0":{"start":{"line":1,"column":0},"end":{"line":1,"column":44}},"1":{"start":{"line":2,"column":0},"end":{"line":2,"column":26}},"2":{"start":{"line":10,"column":2},"end":{"line":14,"column":4}},"3":{"start":{"line":5,"column":0},"end":{"line":5,"column":24}}},"fnMap":{"0":{"name":"Button","decl":{"start":{"line":5,"column":24},"end":{"line":5,"column":30}},"loc":{"start":{"line":9,"column":14},"end":{"line":15,"column":1}}}},"branchMap":{},"s":{"0":1,"1":1,"2":3,"3":1},"f":{"0":3},"b":{}}
,"C:\\Users\\Annjo\\Documents\\Proyectos\\prueba-tecnica-2023-sparta\\src\\components\\Button\\styles.ts": {"path":"C:\\Users\\Annjo\\Documents\\Proyectos\\prueba-tecnica-2023-sparta\\src\\components\\Button\\styles.ts","statementMap":{"0":{"start":{"line":1,"column":0},"end":{"line":1,"column":39}},"1":{"start":{"line":3,"column":13},"end":{"line":6,"column":2}},"2":{"start":{"line":4,"column":32},"end":{"line":4,"column":48}},"3":{"start":{"line":5,"column":30},"end":{"line":5,"column":52}},"4":{"start":{"line":8,"column":13},"end":{"line":8,"column":32}}},"fnMap":{"0":{"name":"(anonymous_1)","decl":{"start":{"line":4,"column":17},"end":{"line":4,"column":18}},"loc":{"start":{"line":4,"column":32},"end":{"line":4,"column":48}}},"1":{"name":"(anonymous_2)","decl":{"start":{"line":5,"column":15},"end":{"line":5,"column":16}},"loc":{"start":{"line":5,"column":30},"end":{"line":5,"column":52}}}},"branchMap":{},"s":{"0":1,"1":1,"2":3,"3":3,"4":1},"f":{"0":3,"1":3},"b":{}}
,"C:\\Users\\Annjo\\Documents\\Proyectos\\prueba-tecnica-2023-sparta\\src\\logic\\api\\index.ts": {"path":"C:\\Users\\Annjo\\Documents\\Proyectos\\prueba-tecnica-2023-sparta\\src\\logic\\api\\index.ts","statementMap":{"0":{"start":{"line":1,"column":0},"end":{"line":1,"column":36}},"1":{"start":{"line":7,"column":28},"end":{"line":13,"column":1}},"2":{"start":{"line":8,"column":2},"end":{"line":12,"column":5}},"3":{"start":{"line":9,"column":4},"end":{"line":11,"column":7}},"4":{"start":{"line":7,"column":13},"end":{"line":7,"column":28}},"5":{"start":{"line":15,"column":29},"end":{"line":19,"column":1}},"6":{"start":{"line":16,"column":2},"end":{"line":18,"column":5}},"7":{"start":{"line":17,"column":4},"end":{"line":17,"column":14}},"8":{"start":{"line":15,"column":13},"end":{"line":15,"column":29}}},"fnMap":{"0":{"name":"(anonymous_0)","decl":{"start":{"line":7,"column":28},"end":{"line":7,"column":55}},"loc":{"start":{"line":7,"column":57},"end":{"line":13,"column":1}}},"1":{"name":"(anonymous_1)","decl":{"start":{"line":8,"column":21},"end":{"line":8,"column":22}},"loc":{"start":{"line":8,"column":33},"end":{"line":12,"column":3}}},"2":{"name":"(anonymous_2)","decl":{"start":{"line":15,"column":29},"end":{"line":15,"column":47}},"loc":{"start":{"line":15,"column":49},"end":{"line":19,"column":1}}},"3":{"name":"(anonymous_3)","decl":{"start":{"line":16,"column":21},"end":{"line":16,"column":22}},"loc":{"start":{"line":16,"column":33},"end":{"line":18,"column":3}}}},"branchMap":{},"s":{"0":2,"1":2,"2":3,"3":3,"4":2,"5":2,"6":1,"7":1,"8":2},"f":{"0":3,"1":3,"2":1,"3":1},"b":{}}
,"C:\\Users\\Annjo\\Documents\\Proyectos\\prueba-tecnica-2023-sparta\\src\\logic\\auth\\actionTypes.ts": {"path":"C:\\Users\\Annjo\\Documents\\Proyectos\\prueba-tecnica-2023-sparta\\src\\logic\\auth\\actionTypes.ts","statementMap":{"0":{"start":{"line":12,"column":0},"end":{"line":12,"column":null}},"1":{"start":{"line":13,"column":2},"end":{"line":13,"column":null}},"2":{"start":{"line":14,"column":2},"end":{"line":14,"column":null}}},"fnMap":{"0":{"name":"(anonymous_0)","decl":{"start":{"line":12,"column":0},"end":{"line":12,"column":12}},"loc":{"start":{"line":12,"column":27},"end":{"line":15,"column":1}}}},"branchMap":{"0":{"loc":{"start":{"line":12,"column":12},"end":{"line":12,"column":null}},"type":"binary-expr","locations":[{"start":{"line":12,"column":12},"end":{"line":12,"column":27}},{"start":{"line":12,"column":12},"end":{"line":12,"column":null}}]}},"s":{"0":1,"1":1,"2":1},"f":{"0":1},"b":{"0":[1,1]}}
,"C:\\Users\\Annjo\\Documents\\Proyectos\\prueba-tecnica-2023-sparta\\src\\logic\\auth\\index.ts": {"path":"C:\\Users\\Annjo\\Documents\\Proyectos\\prueba-tecnica-2023-sparta\\src\\logic\\auth\\index.ts","statementMap":{"0":{"start":{"line":2,"column":0},"end":{"line":2,"column":60}},"1":{"start":{"line":9,"column":36},"end":{"line":11,"column":2}},"2":{"start":{"line":14,"column":27},"end":{"line":36,"column":1}},"3":{"start":{"line":18,"column":2},"end":{"line":35,"column":null}},"4":{"start":{"line":21,"column":6},"end":{"line":21,"column":62}},"5":{"start":{"line":22,"column":6},"end":{"line":24,"column":null}},"6":{"start":{"line":28,"column":6},"end":{"line":28,"column":43}},"7":{"start":{"line":29,"column":6},"end":{"line":31,"column":null}},"8":{"start":{"line":34,"column":6},"end":{"line":34,"column":19}},"9":{"start":{"line":14,"column":13},"end":{"line":14,"column":27}}},"fnMap":{"0":{"name":"(anonymous_0)","decl":{"start":{"line":14,"column":27},"end":{"line":14,"column":null}},"loc":{"start":{"line":17,"column":15},"end":{"line":36,"column":1}}}},"branchMap":{"0":{"loc":{"start":{"line":10,"column":9},"end":{"line":10,"column":50}},"type":"binary-expr","locations":[{"start":{"line":10,"column":9},"end":{"line":10,"column":42}},{"start":{"line":10,"column":46},"end":{"line":10,"column":50}}]},"1":{"loc":{"start":{"line":15,"column":2},"end":{"line":15,"column":26}},"type":"default-arg","locations":[{"start":{"line":15,"column":10},"end":{"line":15,"column":26}}]},"2":{"loc":{"start":{"line":18,"column":2},"end":{"line":35,"column":null}},"type":"switch","locations":[{"start":{"line":19,"column":4},"end":{"line":24,"column":null}},{"start":{"line":26,"column":4},"end":{"line":31,"column":null}},{"start":{"line":33,"column":4},"end":{"line":34,"column":19}}]}},"s":{"0":1,"1":1,"2":1,"3":7,"4":2,"5":2,"6":1,"7":1,"8":4,"9":1},"f":{"0":7},"b":{"0":[1,1],"1":[3],"2":[2,1,4]}}
,"C:\\Users\\Annjo\\Documents\\Proyectos\\prueba-tecnica-2023-sparta\\src\\logic\\tasks\\actionTypes.ts": {"path":"C:\\Users\\Annjo\\Documents\\Proyectos\\prueba-tecnica-2023-sparta\\src\\logic\\tasks\\actionTypes.ts","statementMap":{"0":{"start":{"line":37,"column":0},"end":{"line":37,"column":null}},"1":{"start":{"line":38,"column":2},"end":{"line":38,"column":null}},"2":{"start":{"line":39,"column":2},"end":{"line":39,"column":null}},"3":{"start":{"line":40,"column":2},"end":{"line":40,"column":null}},"4":{"start":{"line":41,"column":2},"end":{"line":41,"column":null}},"5":{"start":{"line":42,"column":2},"end":{"line":42,"column":null}}},"fnMap":{"0":{"name":"(anonymous_0)","decl":{"start":{"line":37,"column":0},"end":{"line":37,"column":12}},"loc":{"start":{"line":37,"column":27},"end":{"line":43,"column":1}}}},"branchMap":{"0":{"loc":{"start":{"line":37,"column":12},"end":{"line":37,"column":null}},"type":"binary-expr","locations":[{"start":{"line":37,"column":12},"end":{"line":37,"column":27}},{"start":{"line":37,"column":12},"end":{"line":37,"column":null}}]}},"s":{"0":1,"1":1,"2":1,"3":1,"4":1,"5":1},"f":{"0":1},"b":{"0":[1,1]}}
,"C:\\Users\\Annjo\\Documents\\Proyectos\\prueba-tecnica-2023-sparta\\src\\logic\\tasks\\index.ts": {"path":"C:\\Users\\Annjo\\Documents\\Proyectos\\prueba-tecnica-2023-sparta\\src\\logic\\tasks\\index.ts","statementMap":{"0":{"start":{"line":2,"column":0},"end":{"line":2,"column":60}},"1":{"start":{"line":10,"column":36},"end":{"line":12,"column":2}},"2":{"start":{"line":14,"column":20},"end":{"line":22,"column":1}},"3":{"start":{"line":15,"column":23},"end":{"line":20,"column":4}},"4":{"start":{"line":16,"column":4},"end":{"line":18,"column":null}},"5":{"start":{"line":17,"column":6},"end":{"line":17,"column":18}},"6":{"start":{"line":19,"column":4},"end":{"line":19,"column":16}},"7":{"start":{"line":21,"column":2},"end":{"line":21,"column":22}},"8":{"start":{"line":25,"column":28},"end":{"line":77,"column":1}},"9":{"start":{"line":29,"column":2},"end":{"line":76,"column":null}},"10":{"start":{"line":32,"column":6},"end":{"line":35,"column":8}},"11":{"start":{"line":36,"column":6},"end":{"line":38,"column":null}},"12":{"start":{"line":42,"column":6},"end":{"line":45,"column":8}},"13":{"start":{"line":46,"column":6},"end":{"line":48,"column":null}},"14":{"start":{"line":52,"column":6},"end":{"line":57,"column":8}},"15":{"start":{"line":55,"column":39},"end":{"line":55,"column":68}},"16":{"start":{"line":58,"column":6},"end":{"line":60,"column":null}},"17":{"start":{"line":60,"column":44},"end":{"line":60,"column":73}},"18":{"start":{"line":64,"column":6},"end":{"line":65,"column":null}},"19":{"start":{"line":69,"column":6},"end":{"line":69,"column":43}},"20":{"start":{"line":70,"column":6},"end":{"line":72,"column":null}},"21":{"start":{"line":75,"column":6},"end":{"line":75,"column":19}},"22":{"start":{"line":25,"column":13},"end":{"line":25,"column":28}}},"fnMap":{"0":{"name":"(anonymous_0)","decl":{"start":{"line":14,"column":20},"end":{"line":14,"column":21}},"loc":{"start":{"line":14,"column":60},"end":{"line":22,"column":1}}},"1":{"name":"(anonymous_1)","decl":{"start":{"line":15,"column":33},"end":{"line":15,"column":34}},"loc":{"start":{"line":15,"column":42},"end":{"line":20,"column":3}}},"2":{"name":"(anonymous_2)","decl":{"start":{"line":25,"column":28},"end":{"line":25,"column":null}},"loc":{"start":{"line":28,"column":15},"end":{"line":77,"column":1}}},"3":{"name":"(anonymous_3)","decl":{"start":{"line":55,"column":29},"end":{"line":55,"column":30}},"loc":{"start":{"line":55,"column":39},"end":{"line":55,"column":68}}},"4":{"name":"(anonymous_4)","decl":{"start":{"line":60,"column":34},"end":{"line":60,"column":35}},"loc":{"start":{"line":60,"column":44},"end":{"line":60,"column":73}}}},"branchMap":{"0":{"loc":{"start":{"line":11,"column":20},"end":{"line":11,"column":61}},"type":"binary-expr","locations":[{"start":{"line":11,"column":20},"end":{"line":11,"column":53}},{"start":{"line":11,"column":57},"end":{"line":11,"column":61}}]},"1":{"loc":{"start":{"line":16,"column":4},"end":{"line":18,"column":null}},"type":"if","locations":[{"start":{"line":16,"column":4},"end":{"line":18,"column":null}}]},"2":{"loc":{"start":{"line":26,"column":2},"end":{"line":26,"column":26}},"type":"default-arg","locations":[{"start":{"line":26,"column":10},"end":{"line":26,"column":26}}]},"3":{"loc":{"start":{"line":29,"column":2},"end":{"line":76,"column":null}},"type":"switch","locations":[{"start":{"line":30,"column":4},"end":{"line":38,"column":null}},{"start":{"line":40,"column":4},"end":{"line":48,"column":null}},{"start":{"line":50,"column":4},"end":{"line":60,"column":null}},{"start":{"line":62,"column":4},"end":{"line":65,"column":null}},{"start":{"line":67,"column":4},"end":{"line":72,"column":null}},{"start":{"line":74,"column":4},"end":{"line":75,"column":19}}]}},"s":{"0":1,"1":1,"2":1,"3":2,"4":4,"5":2,"6":2,"7":2,"8":1,"9":6,"10":1,"11":1,"12":1,"13":1,"14":1,"15":2,"16":1,"17":2,"18":1,"19":1,"20":1,"21":1,"22":1},"f":{"0":2,"1":4,"2":6,"3":2,"4":2},"b":{"0":[1,1],"1":[2],"2":[0],"3":[1,1,1,1,1,1]}}
,"C:\\Users\\Annjo\\Documents\\Proyectos\\prueba-tecnica-2023-sparta\\src\\styles\\theme\\index.tsx": {"path":"C:\\Users\\Annjo\\Documents\\Proyectos\\prueba-tecnica-2023-sparta\\src\\styles\\theme\\index.tsx","statementMap":{"0":{"start":{"line":1,"column":0},"end":{"line":1,"column":28}},"1":{"start":{"line":3,"column":22},"end":{"line":5,"column":2}},"2":{"start":{"line":13,"column":43},"end":{"line":13,"column":56}},"3":{"start":{"line":15,"column":0},"end":{"line":15,"column":22}}},"fnMap":{},"branchMap":{},"s":{"0":1,"1":1,"2":1,"3":1},"f":{},"b":{}}
,"C:\\Users\\Annjo\\Documents\\Proyectos\\prueba-tecnica-2023-sparta\\src\\styles\\theme\\light.ts": {"path":"C:\\Users\\Annjo\\Documents\\Proyectos\\prueba-tecnica-2023-sparta\\src\\styles\\theme\\light.ts","statementMap":{"0":{"start":{"line":1,"column":14},"end":{"line":125,"column":2}},"1":{"start":{"line":127,"column":0},"end":{"line":127,"column":21}}},"fnMap":{},"branchMap":{},"s":{"0":1,"1":1},"f":{},"b":{}}
}
