TN:
SF:src\components\Button\index.tsx
FN:5,Button
FNF:1
FNH:1
FNDA:3,Button
DA:1,1
DA:2,1
DA:5,1
DA:10,3
LF:4
LH:4
BRF:0
BRH:0
end_of_record
TN:
SF:src\components\Button\styles.ts
FN:4,(anonymous_1)
FN:5,(anonymous_2)
FNF:2
FNH:2
FNDA:3,(anonymous_1)
FNDA:3,(anonymous_2)
DA:1,1
DA:3,1
DA:4,3
DA:5,3
DA:8,1
LF:5
LH:5
BRF:0
BRH:0
end_of_record
TN:
SF:src\logic\api\index.ts
FN:7,(anonymous_0)
FN:8,(anonymous_1)
FN:15,(anonymous_2)
FN:16,(anonymous_3)
FNF:4
FNH:4
FNDA:3,(anonymous_0)
FNDA:3,(anonymous_1)
FNDA:1,(anonymous_2)
FNDA:1,(anonymous_3)
DA:1,2
DA:7,2
DA:8,3
DA:9,3
DA:15,2
DA:16,1
DA:17,1
LF:7
LH:7
BRF:0
BRH:0
end_of_record
TN:
SF:src\logic\auth\actionTypes.ts
FN:12,(anonymous_0)
FNF:1
FNH:1
FNDA:1,(anonymous_0)
DA:12,1
DA:13,1
DA:14,1
LF:3
LH:3
BRDA:12,0,0,1
BRDA:12,0,1,1
BRF:2
BRH:2
end_of_record
TN:
SF:src\logic\auth\index.ts
FN:14,(anonymous_0)
FNF:1
FNH:1
FNDA:7,(anonymous_0)
DA:2,1
DA:9,1
DA:14,1
DA:18,7
DA:21,2
DA:22,2
DA:28,1
DA:29,1
DA:34,4
LF:9
LH:9
BRDA:10,0,0,1
BRDA:10,0,1,1
BRDA:15,1,0,3
BRDA:18,2,0,2
BRDA:18,2,1,1
BRDA:18,2,2,4
BRF:6
BRH:6
end_of_record
TN:
SF:src\logic\tasks\actionTypes.ts
FN:37,(anonymous_0)
FNF:1
FNH:1
FNDA:1,(anonymous_0)
DA:37,1
DA:38,1
DA:39,1
DA:40,1
DA:41,1
DA:42,1
LF:6
LH:6
BRDA:37,0,0,1
BRDA:37,0,1,1
BRF:2
BRH:2
end_of_record
TN:
SF:src\logic\tasks\index.ts
FN:14,(anonymous_0)
FN:15,(anonymous_1)
FN:25,(anonymous_2)
FN:55,(anonymous_3)
FN:60,(anonymous_4)
FNF:5
FNH:5
FNDA:2,(anonymous_0)
FNDA:4,(anonymous_1)
FNDA:6,(anonymous_2)
FNDA:2,(anonymous_3)
FNDA:2,(anonymous_4)
DA:2,1
DA:10,1
DA:14,1
DA:15,2
DA:16,4
DA:17,2
DA:19,2
DA:21,2
DA:25,1
DA:29,6
DA:32,1
DA:36,1
DA:42,1
DA:46,1
DA:52,1
DA:55,2
DA:58,1
DA:60,2
DA:64,1
DA:69,1
DA:70,1
DA:75,1
LF:22
LH:22
BRDA:11,0,0,1
BRDA:11,0,1,1
BRDA:16,1,0,2
BRDA:26,2,0,0
BRDA:29,3,0,1
BRDA:29,3,1,1
BRDA:29,3,2,1
BRDA:29,3,3,1
BRDA:29,3,4,1
BRDA:29,3,5,1
BRF:10
BRH:9
end_of_record
TN:
SF:src\styles\theme\index.tsx
FNF:0
FNH:0
DA:1,1
DA:3,1
DA:13,1
DA:15,1
LF:4
LH:4
BRF:0
BRH:0
end_of_record
TN:
SF:src\styles\theme\light.ts
FNF:0
FNH:0
DA:1,1
DA:127,1
LF:2
LH:2
BRF:0
BRH:0
end_of_record
