TN:
SF:src\logic\api\index.ts
FN:7,(anonymous_0)
FN:8,(anonymous_1)
FN:15,(anonymous_2)
FN:16,(anonymous_3)
FNF:4
FNH:4
FNDA:2,(anonymous_0)
FNDA:2,(anonymous_1)
FNDA:1,(anonymous_2)
FNDA:1,(anonymous_3)
DA:1,1
DA:7,1
DA:8,2
DA:9,2
DA:15,1
DA:16,1
DA:17,1
LF:7
LH:7
BRF:0
BRH:0
end_of_record
TN:
SF:src\logic\auth\actionTypes.ts
FN:12,(anonymous_0)
FNF:1
FNH:1
FNDA:1,(anonymous_0)
DA:12,1
DA:13,1
DA:14,1
LF:3
LH:3
BRDA:12,0,0,1
BRDA:12,0,1,1
BRF:2
BRH:2
end_of_record
TN:
SF:src\logic\auth\index.ts
FN:14,(anonymous_0)
FNF:1
FNH:1
FNDA:7,(anonymous_0)
DA:2,1
DA:9,1
DA:14,1
DA:18,7
DA:21,2
DA:22,2
DA:28,1
DA:29,1
DA:34,4
LF:9
LH:9
BRDA:10,0,0,1
BRDA:10,0,1,1
BRDA:15,1,0,3
BRDA:18,2,0,2
BRDA:18,2,1,1
BRDA:18,2,2,4
BRF:6
BRH:6
end_of_record
